2025-12-18T13:06:27.898Z INFO Is remote: false
2025-12-18T13:06:27.899Z INFO Starting Local. Installation path: c:\Users\rahul\OneDrive\Desktop\Dev
2025-12-18T13:06:27.900Z INFO [MainProvider] Creating new MainProvider instance...
2025-12-18T13:06:27.901Z INFO [TabsManager] Code view listener set up at initialization
2025-12-18T13:06:27.902Z INFO Installation path exists: c:\Users\rahul\OneDrive\Desktop\Dev
2025-12-18T13:06:27.902Z INFO Initializing database with URL: file:c:\Users\rahul\OneDrive\Desktop\Dev\pythagora-core\data\database\pythagora.db
2025-12-18T13:06:27.905Z INFO Database file exists, skipping prisma generate/push for faster startup
2025-12-18T13:06:27.905Z INFO Database initialized successfully
2025-12-18T13:06:27.906Z INFO [Migration] Checking for database migration...
2025-12-18T13:06:28.518Z INFO [Migration] No migration needed
2025-12-18T13:06:30.353Z INFO Closing entire Pythagora extension...
2025-12-18T13:06:30.358Z ERROR Error closing extension
Error: Canceled
Stack: Canceled: Canceled
    at new wU (file:///c:/Users/rahul/AppData/Local/Programs/Microsoft%20VS%20Code/resources/app/out/vs/workbench/api/node/extensionHostProcess.js:29:120470)
    at l5.U (file:///c:/Users/rahul/AppData/Local/Programs/Microsoft%20VS%20Code/resources/app/out/vs/workbench/api/node/extensionHostProcess.js:29:125080)
    at Proxy.s.<computed>.n.charCodeAt.s.<computed> (file:///c:/Users/rahul/AppData/Local/Programs/Microsoft%20VS%20Code/resources/app/out/vs/workbench/api/node/extensionHostProcess.js:29:122574)
    at cA.g (file:///c:/Users/rahul/AppData/Local/Programs/Microsoft%20VS%20Code/resources/app/out/vs/workbench/api/node/extensionHostProcess.js:116:41228)
    at cA.executeCommand (file:///c:/Users/rahul/AppData/Local/Programs/Microsoft%20VS%20Code/resources/app/out/vs/workbench/api/node/extensionHostProcess.js:116:40732)
    at Object.executeCommand (file:///c:/Users/rahul/AppData/Local/Programs/Microsoft%20VS%20Code/resources/app/out/vs/workbench/api/node/extensionHostProcess.js:212:102269)
    at closeEntirePythagoraExtension (c:\Users\rahul\.vscode\extensions\pythagoratechnologies.pythagora-vs-code-2.6.19\out\extension.js:542:31)
    at Object.deactivate (c:\Users\rahul\.vscode\extensions\pythagoratechnologies.pythagora-vs-code-2.6.19\out\extension.js:409:15)
    at HX.eb (file:///c:/Users/rahul/AppData/Local/Programs/Microsoft%20VS%20Code/resources/app/out/vs/workbench/api/node/extensionHostProcess.js:120:11850)
    at file:///c:/Users/rahul/AppData/Local/Programs/Microsoft%20VS%20Code/resources/app/out/vs/workbench/api/node/extensionHostProcess.js:120:10000
    at Array.map (<anonymous>)
    at HX.$ (file:///c:/Users/rahul/AppData/Local/Programs/Microsoft%20VS%20Code/resources/app/out/vs/workbench/api/node/extensionHostProcess.js:120:9988)
    at HX.terminate (file:///c:/Users/rahul/AppData/Local/Programs/Microsoft%20VS%20Code/resources/app/out/vs/workbench/api/node/extensionHostProcess.js:120:10231)
    at yN.terminate (file:///c:/Users/rahul/AppData/Local/Programs/Microsoft%20VS%20Code/resources/app/out/vs/workbench/api/node/extensionHostProcess.js:122:914)
    at Us (file:///c:/Users/rahul/AppData/Local/Programs/Microsoft%20VS%20Code/resources/app/out/vs/workbench/api/node/extensionHostProcess.js:404:11129)
    at MessagePortMain.<anonymous> (file:///c:/Users/rahul/AppData/Local/Programs/Microsoft%20VS%20Code/resources/app/out/vs/workbench/api/node/extensionHostProcess.js:404:7604)
    at MessagePortMain.emit (node:events:519:28)
    at MessagePortMain.emit (node:domain:489:12)
    at Object.MessagePortMain._internalPort.emit (node:electron/js2c/utility_init:2:2949)
Extra context: {
  "message": "Canceled"
}
